
The following have been reloaded with a version change:
  1) GCCcore/10.3.0 => GCCcore/11.3.0
  2) GMP/6.2.1-GCCcore-10.3.0 => GMP/6.2.1-GCCcore-11.3.0
  3) Python/3.9.5-GCCcore-10.3.0 => Python/3.10.4-GCCcore-11.3.0
  4) SQLite/3.35.4-GCCcore-10.3.0 => SQLite/3.38.3-GCCcore-11.3.0
  5) Tcl/8.6.11-GCCcore-10.3.0 => Tcl/8.6.12-GCCcore-11.3.0
  6) XZ/5.2.5-GCCcore-10.3.0 => XZ/5.2.5-GCCcore-11.3.0
  7) binutils/2.36.1-GCCcore-10.3.0 => binutils/2.38-GCCcore-11.3.0
  8) bzip2/1.0.8-GCCcore-10.3.0 => bzip2/1.0.8-GCCcore-11.3.0
  9) libffi/3.3-GCCcore-10.3.0 => libffi/3.4.2-GCCcore-11.3.0
 10) libreadline/8.1-GCCcore-10.3.0 => libreadline/8.1.2-GCCcore-11.3.0
 11) ncurses/6.2-GCCcore-10.3.0 => ncurses/6.3-GCCcore-11.3.0
 12) zlib/1.2.11-GCCcore-10.3.0 => zlib/1.2.12-GCCcore-11.3.0


The following have been reloaded with a version change:
  1) GCCcore/11.3.0 => GCCcore/12.3.0
  2) GMP/6.2.1-GCCcore-11.3.0 => GMP/6.2.1-GCCcore-12.3.0
  3) Python/3.10.4-GCCcore-11.3.0 => Python/3.11.3-GCCcore-12.3.0
  4) SQLite/3.38.3-GCCcore-11.3.0 => SQLite/3.42.0-GCCcore-12.3.0
  5) Tcl/8.6.12-GCCcore-11.3.0 => Tcl/8.6.13-GCCcore-12.3.0
  6) XZ/5.2.5-GCCcore-11.3.0 => XZ/5.4.2-GCCcore-12.3.0
  7) binutils/2.38-GCCcore-11.3.0 => binutils/2.40-GCCcore-12.3.0
  8) bzip2/1.0.8-GCCcore-11.3.0 => bzip2/1.0.8-GCCcore-12.3.0
  9) libffi/3.4.2-GCCcore-11.3.0 => libffi/3.4.4-GCCcore-12.3.0
 10) libreadline/8.1.2-GCCcore-11.3.0 => libreadline/8.2-GCCcore-12.3.0
 11) ncurses/6.3-GCCcore-11.3.0 => ncurses/6.4-GCCcore-12.3.0
 12) zlib/1.2.12-GCCcore-11.3.0 => zlib/1.2.13-GCCcore-12.3.0

slurmstepd: error: *** JOB 34907137 ON b6-2 CANCELLED AT 2025-02-18T10:38:10 ***
