print is working
p:  1
d:  0
q:  1
P:  0
D:  0
Q:  0
S:  13
current horizon: 0
MSE: 53915486.6328
MAE: 4103.3581
SMAPE: 7.3741%
current horizon: 1
MSE: 190359136.4822
MAE: 7867.3467
SMAPE: 13.9061%
current horizon: 2
MSE: 349336792.9697
MAE: 11076.7945
SMAPE: 19.6288%
current horizon: 3
MSE: 510119246.9129
MAE: 13831.6713
SMAPE: 24.6767%
current horizon: 4
MSE: 672351989.2033
MAE: 15928.9678
SMAPE: 28.9684%
current horizon: 5
MSE: 824120672.9080
MAE: 17518.6489
SMAPE: 32.5031%
current horizon: 6
MSE: 962935022.4978
MAE: 19051.7414
SMAPE: 35.7254%
current horizon: 7
MSE: 1085257250.7437
MAE: 20503.7476
SMAPE: 38.7839%
current horizon: 8
MSE: 1199425127.5626
MAE: 21900.6583
SMAPE: 41.4988%
current horizon: 9
MSE: 1299370467.3540
MAE: 23055.2202
SMAPE: 43.8483%
current horizon: 10
MSE: 1386244130.3885
MAE: 24005.5587
SMAPE: 45.5840%
current horizon: 11
MSE: 1459178300.4736
MAE: 24715.2862
SMAPE: 46.9766%
mean SMAPE Value: 31.6229 | Horizon: 12
p:  1
d:  0
q:  2
P:  0
D:  0
Q:  0
S:  13
current horizon: 0
MSE: 54697208.0632
MAE: 4002.5815
SMAPE: 7.0398%
current horizon: 1
MSE: 181248385.6512
MAE: 7445.5794
SMAPE: 13.0223%
current horizon: 2
MSE: 336390463.5639
MAE: 10663.7689
SMAPE: 18.8783%
current horizon: 3
MSE: 493474784.0445
MAE: 13443.8024
SMAPE: 24.0606%
current horizon: 4
MSE: 655604148.1816
MAE: 15574.5873
SMAPE: 28.5177%
current horizon: 5
MSE: 809917683.7960
MAE: 17189.5626
SMAPE: 32.2049%
current horizon: 6
MSE: 949893272.9646
MAE: 18646.5179
SMAPE: 35.4954%
current horizon: 7
MSE: 1073861974.6699
MAE: 20074.2096
SMAPE: 38.5438%
current horizon: 8
MSE: 1190017426.0798
MAE: 21331.8642
SMAPE: 41.1713%
current horizon: 9
MSE: 1293411811.4759
MAE: 22493.3481
SMAPE: 43.6585%
current horizon: 10
MSE: 1383504475.1236
MAE: 23471.4329
SMAPE: 45.6106%
current horizon: 11
MSE: 1459281872.5892
MAE: 24099.8495
SMAPE: 46.9843%
mean SMAPE Value: 31.2656 | Horizon: 12
p:  1
d:  0
q:  3
P:  0
D:  0
Q:  0
S:  13
current horizon: 0
MSE: 55750787.2431
MAE: 4026.3882
SMAPE: 6.9373%
current horizon: 1
MSE: 184238196.2299
MAE: 7431.7550
SMAPE: 12.8298%
current horizon: 2
MSE: 334450726.2010
MAE: 10396.4622
SMAPE: 18.3693%
current horizon: 3
MSE: 490086138.1196
MAE: 13269.0589
SMAPE: 23.7173%
current horizon: 4
MSE: 653928482.7313
MAE: 15463.6214
SMAPE: 28.2655%
current horizon: 5
MSE: 809235302.1263
MAE: 17107.7243
SMAPE: 32.1055%
current horizon: 6
MSE: 949946027.2810
MAE: 18491.6782
SMAPE: 35.3619%
current horizon: 7
MSE: 1074673561.2118
MAE: 19933.0919
SMAPE: 38.5389%
current horizon: 8
MSE: 1192681795.6221
MAE: 21221.0116
SMAPE: 41.3400%
current horizon: 9
MSE: 1297936380.1960
MAE: 22316.7198
SMAPE: 43.7699%
current horizon: 10
MSE: 1390115356.7725
MAE: 23307.1541
SMAPE: 45.8266%
current horizon: 11
MSE: 1468103020.6539
MAE: 23931.1605
SMAPE: 47.2426%
mean SMAPE Value: 31.1921 | Horizon: 12
p:  1
d:  0
q:  4
P:  0
D:  0
Q:  0
S:  13
current horizon: 0
MSE: 54622212.6396
MAE: 4063.3379
SMAPE: 6.9855%
current horizon: 1
MSE: 182843344.1243
MAE: 7435.9819
SMAPE: 12.7415%
current horizon: 2
MSE: 335465100.7797
MAE: 10256.1797
SMAPE: 18.1290%
current horizon: 3
MSE: 486731573.7599
MAE: 13093.0997
SMAPE: 23.4029%
current horizon: 4
MSE: 648514175.7437
MAE: 15387.5243
SMAPE: 28.2705%
current horizon: 5
MSE: 803523761.8806
MAE: 16989.5713
SMAPE: 32.0519%
current horizon: 6
MSE: 945180363.4699
MAE: 18396.2683
SMAPE: 35.4646%
current horizon: 7
MSE: 1073324775.5337
MAE: 19858.8071
SMAPE: 38.8631%
current horizon: 8
MSE: 1195470811.8268
MAE: 21169.3293
SMAPE: 41.8492%
current horizon: 9
MSE: 1305114858.3312
MAE: 22252.5969
SMAPE: 44.2971%
current horizon: 10
MSE: 1401710013.0605
MAE: 23235.2062
SMAPE: 46.4026%
current horizon: 11
MSE: 1484063061.1579
MAE: 23892.3900
SMAPE: 47.9675%
mean SMAPE Value: 31.3688 | Horizon: 12
p:  2
d:  0
q:  1
P:  0
D:  0
Q:  0
S:  13
current horizon: 0
MSE: 54587042.5743
MAE: 4175.3618
SMAPE: 7.4496%
current horizon: 1
MSE: 185091110.9433
MAE: 7739.5320
SMAPE: 13.9742%
current horizon: 2
MSE: 339983528.3661
MAE: 10805.9598
SMAPE: 20.2805%
current horizon: 3
MSE: 499394260.1927
MAE: 13716.2357
SMAPE: 26.3705%
current horizon: 4
MSE: 672925539.2281
MAE: 16204.2904
SMAPE: 32.1000%
current horizon: 5
MSE: 846881042.9085
MAE: 18274.9968
SMAPE: 37.4494%
current horizon: 6
MSE: 1015439554.9146
MAE: 20152.6600
SMAPE: 42.2256%
current horizon: 7
MSE: 1176285451.2512
MAE: 21950.3452
SMAPE: 46.8110%
current horizon: 8
MSE: 1335950827.9335
MAE: 23517.9249
SMAPE: 50.9693%
current horizon: 9
MSE: 1485251238.8616
MAE: 24917.3026
SMAPE: 54.7063%
current horizon: 10
MSE: 1621348449.8158
MAE: 26238.5372
SMAPE: 58.2882%
current horizon: 11
MSE: 1741620998.4889
MAE: 27299.8017
SMAPE: 61.3348%
mean SMAPE Value: 37.6633 | Horizon: 12
p:  2
d:  0
q:  2
P:  0
D:  0
Q:  0
S:  13
current horizon: 0
MSE: 55939426.7795
MAE: 4195.0139
SMAPE: 7.4121%
current horizon: 1
MSE: 186817300.7317
MAE: 7688.8520
SMAPE: 13.7898%
current horizon: 2
MSE: 341620859.7743
MAE: 10701.4894
SMAPE: 19.9740%
current horizon: 3
MSE: 500338324.9612
MAE: 13570.4982
SMAPE: 25.9744%
current horizon: 4
MSE: 673189361.9057
MAE: 16084.7485
SMAPE: 31.6887%
current horizon: 5
MSE: 846189954.4701
MAE: 18144.1347
SMAPE: 36.9795%
current horizon: 6
MSE: 1013458545.4436
MAE: 20003.7966
SMAPE: 41.7230%
current horizon: 7
MSE: 1173517221.5987
MAE: 21777.0163
SMAPE: 46.2317%
current horizon: 8
MSE: 1332297910.8141
MAE: 23349.0407
SMAPE: 50.3384%
current horizon: 9
MSE: 1480433572.0813
MAE: 24720.8252
SMAPE: 53.9429%
current horizon: 10
MSE: 1614731633.0628
MAE: 26019.2007
SMAPE: 57.4043%
current horizon: 11
MSE: 1732905062.8116
MAE: 27073.5014
SMAPE: 60.3778%
mean SMAPE Value: 37.1531 | Horizon: 12
p:  2
d:  0
q:  3
P:  0
D:  0
Q:  0
S:  13
current horizon: 0
MSE: 56140659.2687
MAE: 4206.0385
SMAPE: 7.4404%
current horizon: 1
MSE: 186995603.1462
MAE: 7705.6666
SMAPE: 13.8253%
current horizon: 2
MSE: 342640862.8613
MAE: 10758.3321
SMAPE: 20.0924%
current horizon: 3
MSE: 501577638.7366
MAE: 13673.1012
SMAPE: 26.1672%
current horizon: 4
MSE: 674157436.8416
MAE: 16165.8289
SMAPE: 31.8824%
current horizon: 5
MSE: 845690516.9104
MAE: 18224.1010
SMAPE: 37.1825%
current horizon: 6
MSE: 1011109300.7500
MAE: 20077.7923
SMAPE: 41.9302%
current horizon: 7
MSE: 1169023450.9133
MAE: 21826.1002
SMAPE: 46.4425%
current horizon: 8
MSE: 1326503039.1448
MAE: 23352.5884
SMAPE: 50.5494%
current horizon: 9
MSE: 1474026614.2960
MAE: 24733.7567
SMAPE: 54.2158%
current horizon: 10
MSE: 1608261485.3349
MAE: 26037.7463
SMAPE: 57.7052%
current horizon: 11
MSE: 1727608358.9617
MAE: 27075.6437
SMAPE: 60.6825%
mean SMAPE Value: 37.3430 | Horizon: 12
p:  2
d:  0
q:  4
P:  0
D:  0
Q:  0
S:  13
current horizon: 0
MSE: 55804526.3098
MAE: 4183.6478
SMAPE: 7.4136%
current horizon: 1
MSE: 185655087.4348
MAE: 7669.3466
SMAPE: 13.7842%
current horizon: 2
MSE: 340848646.2281
MAE: 10718.9001
SMAPE: 20.0218%
current horizon: 3
MSE: 498582635.4162
MAE: 13524.4982
SMAPE: 25.9224%
current horizon: 4
MSE: 669600118.6707
MAE: 16001.8893
SMAPE: 31.5420%
current horizon: 5
MSE: 841551569.2640
MAE: 18054.6411
SMAPE: 36.7990%
current horizon: 6
MSE: 1007512242.9581
MAE: 19906.5219
SMAPE: 41.5136%
current horizon: 7
MSE: 1166384421.8310
MAE: 21691.0822
SMAPE: 46.0125%
current horizon: 8
MSE: 1323731195.3933
MAE: 23237.8511
SMAPE: 50.0218%
current horizon: 9
MSE: 1470618895.9317
MAE: 24588.8359
SMAPE: 53.5523%
current horizon: 10
MSE: 1603848629.3313
MAE: 25874.2144
SMAPE: 56.9603%
current horizon: 11
MSE: 1720818834.0956
MAE: 26921.6874
SMAPE: 59.8709%
mean SMAPE Value: 36.9512 | Horizon: 12
p:  3
d:  0
q:  1
P:  0
D:  0
Q:  0
S:  13
current horizon: 0
MSE: 56050212.9736
MAE: 4192.9898
SMAPE: 7.4007%
current horizon: 1
MSE: 186803440.9600
MAE: 7674.5654
SMAPE: 13.7518%
current horizon: 2
MSE: 341501187.4041
MAE: 10674.1471
SMAPE: 19.9088%
current horizon: 3
MSE: 499692040.2761
MAE: 13537.8650
SMAPE: 25.8816%
current horizon: 4
MSE: 671467604.8104
MAE: 16043.8322
SMAPE: 31.5687%
current horizon: 5
MSE: 842782167.3988
MAE: 18098.2395
SMAPE: 36.8405%
current horizon: 6
MSE: 1008107558.2682
MAE: 19950.6661
SMAPE: 41.5631%
current horizon: 7
MSE: 1166175561.8720
MAE: 21696.0291
SMAPE: 46.0286%
current horizon: 8
MSE: 1323232332.4982
MAE: 23227.9254
SMAPE: 50.0664%
current horizon: 9
MSE: 1470017764.8573
MAE: 24590.9792
SMAPE: 53.6421%
current horizon: 10
MSE: 1603411393.6734
MAE: 25881.4247
SMAPE: 57.0605%
current horizon: 11
MSE: 1721067349.1499
MAE: 26937.5895
SMAPE: 60.0143%
mean SMAPE Value: 36.9773 | Horizon: 12
p:  3
d:  0
q:  2
P:  0
D:  0
Q:  0
S:  13
current horizon: 0
MSE: 55070169.2725
MAE: 4179.6616
SMAPE: 7.4270%
current horizon: 1
MSE: 185909355.7214
MAE: 7693.6716
SMAPE: 13.8311%
current horizon: 2
MSE: 342463939.8290
MAE: 10750.7934
SMAPE: 20.0887%
current horizon: 3
MSE: 502641608.8619
MAE: 13658.8434
SMAPE: 26.1279%
current horizon: 4
MSE: 673920588.5991
MAE: 16138.1217
SMAPE: 31.8077%
current horizon: 5
MSE: 844760141.4635
MAE: 18177.4158
SMAPE: 37.1080%
current horizon: 6
MSE: 1009552005.3862
MAE: 20049.1659
SMAPE: 41.8800%
current horizon: 7
MSE: 1168824795.0369
MAE: 21837.5436
SMAPE: 46.4224%
current horizon: 8
MSE: 1326795924.2896
MAE: 23389.1182
SMAPE: 50.5737%
current horizon: 9
MSE: 1474436320.1708
MAE: 24778.5194
SMAPE: 54.2335%
current horizon: 10
MSE: 1610009528.6436
MAE: 26084.2491
SMAPE: 57.7228%
current horizon: 11
MSE: 1729761128.7158
MAE: 27155.6828
SMAPE: 60.7652%
mean SMAPE Value: 37.3323 | Horizon: 12
p:  3
d:  0
q:  3
P:  0
D:  0
Q:  0
S:  13
current horizon: 0
MSE: 55508154.7922
MAE: 4193.8956
SMAPE: 7.4480%
current horizon: 1
MSE: 187912877.7691
MAE: 7737.9580
SMAPE: 13.8620%
current horizon: 2
MSE: 347417962.3498
MAE: 10827.5359
SMAPE: 20.1153%
current horizon: 3
MSE: 510022921.9460
MAE: 13706.2637
SMAPE: 26.0496%
current horizon: 4
MSE: 681214586.7448
MAE: 16188.0197
SMAPE: 31.7165%
current horizon: 5
MSE: 851673433.6025
MAE: 18243.0798
SMAPE: 37.0210%
current horizon: 6
MSE: 1012800887.9685
MAE: 20052.2175
SMAPE: 41.6972%
current horizon: 7
MSE: 1164174680.4647
MAE: 21776.7703
SMAPE: 46.1876%
current horizon: 8
MSE: 1313729490.2634
MAE: 23321.5645
SMAPE: 50.3412%
current horizon: 9
MSE: 1455875199.7018
MAE: 24722.8822
SMAPE: 54.0044%
current horizon: 10
MSE: 1587668104.9309
MAE: 25988.6865
SMAPE: 57.4269%
current horizon: 11
MSE: 1704714139.3256
MAE: 26999.3908
SMAPE: 60.3453%
mean SMAPE Value: 37.1846 | Horizon: 12
p:  3
d:  0
q:  4
P:  0
D:  0
Q:  0
S:  13
current horizon: 0
MSE: 55103123.8403
MAE: 4193.5533
SMAPE: 7.4583%
current horizon: 1
MSE: 185739653.6266
MAE: 7679.3345
SMAPE: 13.8150%
current horizon: 2
MSE: 340051894.0969
MAE: 10727.4985
SMAPE: 20.0800%
current horizon: 3
MSE: 499259272.4773
MAE: 13596.1662
SMAPE: 26.0703%
current horizon: 4
MSE: 670733338.8243
MAE: 16078.0126
SMAPE: 31.7360%
current horizon: 5
MSE: 843438036.3804
MAE: 18159.9442
SMAPE: 37.0661%
current horizon: 6
MSE: 1008762012.5519
MAE: 19992.1176
SMAPE: 41.7752%
current horizon: 7
MSE: 1168517552.3966
MAE: 21758.1119
SMAPE: 46.2886%
current horizon: 8
MSE: 1326424608.1474
MAE: 23321.3785
SMAPE: 50.3749%
current horizon: 9
MSE: 1474947402.6254
MAE: 24706.7469
SMAPE: 54.0423%
current horizon: 10
MSE: 1609019469.0961
MAE: 25984.5718
SMAPE: 57.4088%
current horizon: 11
MSE: 1727732468.3521
MAE: 27029.4057
SMAPE: 60.3432%
mean SMAPE Value: 37.2049 | Horizon: 12
p:  4
d:  0
q:  1
P:  0
D:  0
Q:  0
S:  13
current horizon: 0
MSE: 56196426.2994
MAE: 4208.0027
SMAPE: 7.4449%
current horizon: 1
MSE: 186814724.3657
MAE: 7700.1571
SMAPE: 13.8212%
current horizon: 2
MSE: 342267432.9271
MAE: 10755.9616
SMAPE: 20.0946%
current horizon: 3
MSE: 501518706.3266
MAE: 13660.4999
SMAPE: 26.1690%
current horizon: 4
MSE: 674813299.8398
MAE: 16156.8220
SMAPE: 31.8939%
current horizon: 5
MSE: 848130980.6802
MAE: 18225.7013
SMAPE: 37.2163%
current horizon: 6
MSE: 1015230263.5818
MAE: 20082.1759
SMAPE: 41.9730%
current horizon: 7
MSE: 1174807113.5925
MAE: 21856.9782
SMAPE: 46.5120%
current horizon: 8
MSE: 1333155834.5810
MAE: 23429.3952
SMAPE: 50.6773%
current horizon: 9
MSE: 1481328212.1747
MAE: 24812.6772
SMAPE: 54.3495%
current horizon: 10
MSE: 1616143205.7480
MAE: 26119.6698
SMAPE: 57.8663%
current horizon: 11
MSE: 1735272374.2660
MAE: 27185.3192
SMAPE: 60.9023%
mean SMAPE Value: 37.4100 | Horizon: 12
p:  4
d:  0
q:  2
P:  0
D:  0
Q:  0
S:  13
current horizon: 0
MSE: 54723720.3194
MAE: 4181.1263
SMAPE: 7.4523%
current horizon: 1
MSE: 183632193.3694
MAE: 7686.2894
SMAPE: 13.8573%
current horizon: 2
MSE: 338932904.7750
MAE: 10737.3990
SMAPE: 20.1225%
current horizon: 3
MSE: 497190293.3955
MAE: 13617.7796
SMAPE: 26.1258%
current horizon: 4
MSE: 669011423.1558
MAE: 16101.4125
SMAPE: 31.8307%
current horizon: 5
MSE: 839329246.6547
MAE: 18163.6009
SMAPE: 37.1409%
current horizon: 6
MSE: 1004226835.9237
MAE: 20113.1096
SMAPE: 41.9849%
current horizon: 7
MSE: 1162745800.4063
MAE: 21863.0666
SMAPE: 46.5049%
current horizon: 8
MSE: 1319781144.5372
MAE: 23423.3770
SMAPE: 50.6453%
current horizon: 9
MSE: 1465856792.7341
MAE: 24797.2793
SMAPE: 54.3093%
current horizon: 10
MSE: 1601180824.0032
MAE: 26061.2266
SMAPE: 57.6898%
current horizon: 11
MSE: 1721613286.0053
MAE: 27034.1198
SMAPE: 60.5550%
mean SMAPE Value: 37.3516 | Horizon: 12
p:  4
d:  0
q:  3
P:  0
D:  0
Q:  0
S:  13
current horizon: 0
MSE: 55472219.7671
MAE: 4196.6964
SMAPE: 7.4408%
current horizon: 1
MSE: 187804830.8669
MAE: 7725.1894
SMAPE: 13.8617%
current horizon: 2
MSE: 344229229.6667
MAE: 10815.5157
SMAPE: 20.1791%
current horizon: 3
MSE: 504147145.4402
MAE: 13658.6742
SMAPE: 26.1662%
current horizon: 4
MSE: 677093390.7616
MAE: 16155.9896
SMAPE: 31.8970%
current horizon: 5
MSE: 851998007.2959
MAE: 18244.1144
SMAPE: 37.2588%
current horizon: 6
MSE: 1020693408.4454
MAE: 20137.7758
SMAPE: 42.0920%
current horizon: 7
MSE: 1181571861.1642
MAE: 21855.7850
SMAPE: 46.5320%
current horizon: 8
MSE: 1340811813.7725
MAE: 23485.2456
SMAPE: 50.7739%
current horizon: 9
MSE: 1490024426.0686
MAE: 24835.2847
SMAPE: 54.3706%
current horizon: 10
MSE: 1625482567.0211
MAE: 26198.6941
SMAPE: 57.9490%
current horizon: 11
MSE: 1744115592.3890
MAE: 27262.7394
SMAPE: 60.9991%
mean SMAPE Value: 37.4600 | Horizon: 12
p:  4
d:  0
q:  4
P:  0
D:  0
Q:  0
S:  13
current horizon: 0
MSE: 53675470.7568
MAE: 4148.5045
SMAPE: 7.3481%
current horizon: 1
MSE: 181673725.2878
MAE: 7590.8994
SMAPE: 13.6481%
current horizon: 2
MSE: 327022343.7952
MAE: 10518.5556
SMAPE: 19.5879%
current horizon: 3
MSE: 487223064.9204
MAE: 13360.7455
SMAPE: 25.5039%
current horizon: 4
MSE: 663697749.3662
MAE: 16040.7287
SMAPE: 31.3369%
current horizon: 5
MSE: 845184692.5111
MAE: 18359.4332
SMAPE: 36.7377%
current horizon: 6
MSE: 1012614220.0591
MAE: 20330.2580
SMAPE: 41.4983%
current horizon: 7
MSE: 1168034237.1195
MAE: 22312.4026
SMAPE: 46.2933%
current horizon: 8
MSE: 1323746744.8834
MAE: 23915.5020
SMAPE: 50.3620%
current horizon: 9
MSE: 1468192965.1261
MAE: 25266.9718
SMAPE: 53.9477%
current horizon: 10
MSE: 1593700805.3017
MAE: 26510.7021
SMAPE: 57.2534%
current horizon: 11
MSE: 1701053904.6283
MAE: 27465.1084
SMAPE: 59.9068%
mean SMAPE Value: 36.9520 | Horizon: 12
