p:  1
d:  0
q:  1
P:  1
D:  0
Q:  1
S:  9
current horizon: 0
MSE: 53301412.5408
MAE: 4088.3861
SMAPE: 7.3516%
current horizon: 1
MSE: 188207553.5943
MAE: 7838.3336
SMAPE: 13.8992%
current horizon: 2
MSE: 344637546.2673
MAE: 11032.6162
SMAPE: 19.5502%
current horizon: 3
MSE: 503782425.6990
MAE: 13779.1237
SMAPE: 24.5934%
current horizon: 4
MSE: 665168615.5196
MAE: 15866.6163
SMAPE: 28.8550%
current horizon: 5
MSE: 817452888.9970
MAE: 17492.2358
SMAPE: 32.4155%
current horizon: 6
MSE: 958901074.7331
MAE: 19024.1124
SMAPE: 35.6257%
current horizon: 7
MSE: 1084467879.3147
MAE: 20509.3565
SMAPE: 38.6835%
current horizon: 8
MSE: 1202963909.0716
MAE: 21964.0014
SMAPE: 41.4765%
current horizon: 9
MSE: 1303701349.0268
MAE: 23155.7599
SMAPE: 43.8425%
current horizon: 10
MSE: 1389797321.4713
MAE: 24156.9044
SMAPE: 45.6615%
current horizon: 11
MSE: 1461470243.2213
MAE: 24888.9507
SMAPE: 47.0522%
SMAPE Value: 47.0522 | Horizon: 12
