print is working
p:  1
d:  0
q:  1
P:  0
D:  0
Q:  0
S:  9
current horizon: 0
MSE: 53915486.6328
MAE: 4103.3581
SMAPE: 7.3741%
current horizon: 1
MSE: 190359136.4822
MAE: 7867.3467
SMAPE: 13.9061%
current horizon: 2
MSE: 349336792.9697
MAE: 11076.7945
SMAPE: 19.6288%
current horizon: 3
MSE: 510119246.9129
MAE: 13831.6713
SMAPE: 24.6767%
current horizon: 4
MSE: 672351989.2033
MAE: 15928.9678
SMAPE: 28.9684%
current horizon: 5
MSE: 824120672.9080
MAE: 17518.6489
SMAPE: 32.5031%
current horizon: 6
MSE: 962935022.4978
MAE: 19051.7414
SMAPE: 35.7254%
current horizon: 7
MSE: 1085257250.7437
MAE: 20503.7476
SMAPE: 38.7839%
current horizon: 8
MSE: 1199425127.5626
MAE: 21900.6583
SMAPE: 41.4988%
current horizon: 9
MSE: 1299370467.3540
MAE: 23055.2202
SMAPE: 43.8483%
current horizon: 10
MSE: 1386244130.3885
MAE: 24005.5587
SMAPE: 45.5840%
current horizon: 11
MSE: 1459178300.4736
MAE: 24715.2862
SMAPE: 46.9766%
SMAPE Value: 46.9766 | Horizon: 12
