print is working
p:  1
d:  0
q:  1
P:  0
D:  0
Q:  0
S:  9
MSE: 53737506.1507
MAE: 4084.5011
SMAPE: 7.3061%
MSE: 191623067.1799
MAE: 7911.5064
SMAPE: 13.8114%
MSE: 354641647.1184
MAE: 11174.6675
SMAPE: 19.4763%
MSE: 521776073.9803
MAE: 13966.8965
SMAPE: 24.3898%
MSE: 693360947.6542
MAE: 16168.1843
SMAPE: 28.7036%
MSE: 856421552.6817
MAE: 18071.9546
SMAPE: 32.5467%
MSE: 1007096784.8960
MAE: 19780.2632
SMAPE: 35.7849%
MSE: 1142082384.0624
MAE: 21547.9250
SMAPE: 39.0330%
MSE: 1267247472.3204
MAE: 23133.5188
SMAPE: 41.8730%
MSE: 1376686641.2406
MAE: 24471.3876
SMAPE: 44.2761%
MSE: 1470327677.7721
MAE: 25587.6395
SMAPE: 46.2048%
MSE: 1548564989.3744
MAE: 26351.4859
SMAPE: 47.4469%
mean SMAPE Value: 31.7377 | Horizon: 12
p:  1
d:  0
q:  2
P:  0
D:  0
Q:  0
S:  9
MSE: 54616397.7576
MAE: 3970.4254
SMAPE: 6.9380%
MSE: 182779997.8688
MAE: 7461.1907
SMAPE: 12.8293%
MSE: 339687341.8268
MAE: 10676.8964
SMAPE: 18.5478%
MSE: 499460990.2537
MAE: 13528.5278
SMAPE: 23.6483%
MSE: 666227445.3917
MAE: 15716.9888
SMAPE: 28.0315%
MSE: 826228274.1674
MAE: 17475.7146
SMAPE: 31.7482%
MSE: 971241395.9188
MAE: 19077.9961
SMAPE: 34.9833%
MSE: 1100294509.7042
MAE: 20753.4004
SMAPE: 38.2324%
MSE: 1220265228.3126
MAE: 22222.5556
SMAPE: 41.0576%
MSE: 1325611274.0588
MAE: 23563.7959
SMAPE: 43.5842%
MSE: 1415641241.9404
MAE: 24643.4966
SMAPE: 45.5857%
MSE: 1490829719.0721
MAE: 25362.9131
SMAPE: 46.8848%
mean SMAPE Value: 31.0059 | Horizon: 12
p:  1
d:  0
q:  3
P:  0
D:  0
Q:  0
S:  9
MSE: 55775575.9040
MAE: 4016.3952
SMAPE: 6.8743%
MSE: 185512853.8511
MAE: 7429.4217
SMAPE: 12.6968%
MSE: 336256414.9651
MAE: 10390.3203
SMAPE: 18.0993%
MSE: 491089627.0083
MAE: 13318.0871
SMAPE: 23.3793%
MSE: 655349436.0997
MAE: 15512.6926
SMAPE: 27.8252%
MSE: 811602975.2250
MAE: 17200.9378
SMAPE: 31.5576%
MSE: 952561840.4942
MAE: 18722.7550
SMAPE: 34.8162%
MSE: 1077814562.7623
MAE: 20333.7025
SMAPE: 38.0392%
MSE: 1195371073.4152
MAE: 21718.2116
SMAPE: 40.8867%
MSE: 1299090865.5492
MAE: 22986.9432
SMAPE: 43.4951%
MSE: 1388374378.3329
MAE: 24004.9983
SMAPE: 45.5217%
MSE: 1463085733.1885
MAE: 24700.1483
SMAPE: 46.8809%
mean SMAPE Value: 30.8394 | Horizon: 12
p:  1
d:  0
q:  4
P:  0
D:  0
Q:  0
S:  9
MSE: 54609768.1924
MAE: 4069.7240
SMAPE: 6.9562%
MSE: 184093264.5627
MAE: 7445.4338
SMAPE: 12.6617%
MSE: 337465477.4215
MAE: 10275.6468
SMAPE: 17.9907%
MSE: 486805374.2096
MAE: 13076.3316
SMAPE: 23.0898%
MSE: 645856023.6638
MAE: 15344.3612
SMAPE: 27.7583%
MSE: 798338098.0573
MAE: 17000.2612
SMAPE: 31.5563%
MSE: 936435920.0247
MAE: 18461.3006
SMAPE: 34.9139%
MSE: 1061762118.0310
MAE: 20082.1841
SMAPE: 38.4516%
MSE: 1180888817.3902
MAE: 21416.0757
SMAPE: 41.4164%
MSE: 1286976956.4387
MAE: 22575.2011
SMAPE: 43.9330%
MSE: 1379051802.4978
MAE: 23583.5078
SMAPE: 46.0577%
MSE: 1457008372.6278
MAE: 24257.7476
SMAPE: 47.5346%
mean SMAPE Value: 31.0267 | Horizon: 12
p:  2
d:  0
q:  1
P:  0
D:  0
Q:  0
S:  9
MSE: 71827441.3255
MAE: 4833.5913
SMAPE: 8.6480%
MSE: 226681059.2206
MAE: 8907.1022
SMAPE: 16.0363%
MSE: 405453537.8020
MAE: 12265.2323
SMAPE: 22.5806%
MSE: 595304781.5177
MAE: 15099.0794
SMAPE: 28.3402%
MSE: 765275065.0636
MAE: 17276.0693
SMAPE: 33.3921%
MSE: 933395594.7054
MAE: 19102.8650
SMAPE: 37.7444%
MSE: 1085444041.6133
MAE: 20693.5825
SMAPE: 41.4937%
MSE: 1217992693.2812
MAE: 22280.0512
SMAPE: 45.2777%
MSE: 1367853024.6112
MAE: 23861.9469
SMAPE: 48.7461%
MSE: 1488344164.0999
MAE: 25016.7356
SMAPE: 51.7806%
MSE: 1610669587.9929
MAE: 26063.9187
SMAPE: 54.2113%
MSE: 1747866667.0773
MAE: 27200.4293
SMAPE: 56.8198%
mean SMAPE Value: 37.0892 | Horizon: 12
p:  2
d:  0
q:  2
P:  0
D:  0
Q:  0
S:  9
MSE: 56033682.6124
MAE: 4178.2225
SMAPE: 7.4240%
MSE: 187219580.5950
MAE: 7680.9271
SMAPE: 13.8743%
MSE: 341299879.7109
MAE: 10670.9603
SMAPE: 20.0947%
MSE: 497313053.6809
MAE: 13526.2562
SMAPE: 26.1880%
MSE: 667215802.3082
MAE: 16080.4082
SMAPE: 32.1191%
MSE: 837268123.6834
MAE: 18151.6673
SMAPE: 37.5587%
MSE: 1000002428.5635
MAE: 19979.9499
SMAPE: 42.4018%
MSE: 1157728903.5410
MAE: 21729.3322
SMAPE: 46.9889%
MSE: 1314049429.4354
MAE: 23234.7486
SMAPE: 51.0730%
MSE: 1461104018.1961
MAE: 24605.3358
SMAPE: 54.6726%
MSE: 1594852779.6821
MAE: 25854.1306
SMAPE: 58.0227%
MSE: 1713403361.2438
MAE: 26874.0789
SMAPE: 61.1082%
mean SMAPE Value: 37.6272 | Horizon: 12
p:  2
d:  0
q:  3
P:  0
D:  0
Q:  0
S:  9
MSE: 56263025.6305
MAE: 4193.5918
SMAPE: 7.4683%
MSE: 187577866.5313
MAE: 7697.2876
SMAPE: 13.9236%
MSE: 343540031.3839
MAE: 10744.2419
SMAPE: 20.2857%
MSE: 502389604.2210
MAE: 13685.6529
SMAPE: 26.4956%
MSE: 676398021.1394
MAE: 16244.6799
SMAPE: 32.4527%
MSE: 850227793.4962
MAE: 18335.8466
SMAPE: 37.9480%
MSE: 1017383157.3145
MAE: 20217.0150
SMAPE: 42.8827%
MSE: 1177761907.9164
MAE: 21966.9581
SMAPE: 47.4919%
MSE: 1336536072.8554
MAE: 23533.5997
SMAPE: 51.7629%
MSE: 1484478198.9217
MAE: 24875.5080
SMAPE: 55.4145%
MSE: 1620199049.9541
MAE: 26172.5074
SMAPE: 58.9185%
MSE: 1740066579.9634
MAE: 27267.2507
SMAPE: 62.2374%
mean SMAPE Value: 38.1068 | Horizon: 12
p:  2
d:  0
q:  4
P:  0
D:  0
Q:  0
S:  9
MSE: 55579896.3860
MAE: 4147.0840
SMAPE: 7.4041%
MSE: 186270745.4592
MAE: 7660.5233
SMAPE: 13.8604%
MSE: 343788534.2464
MAE: 10691.9885
SMAPE: 20.1528%
MSE: 502012884.2751
MAE: 13527.7824
SMAPE: 26.1533%
MSE: 670537084.3609
MAE: 16042.5907
SMAPE: 31.9504%
MSE: 839537216.5404
MAE: 18133.5465
SMAPE: 37.4092%
MSE: 1004464879.5294
MAE: 19952.3373
SMAPE: 42.1815%
MSE: 1163950146.8809
MAE: 21641.2103
SMAPE: 46.6949%
MSE: 1321909719.3966
MAE: 23183.5977
SMAPE: 50.8226%
MSE: 1468882184.4440
MAE: 24518.1315
SMAPE: 54.2724%
MSE: 1601486247.1026
MAE: 25796.0870
SMAPE: 57.6843%
MSE: 1717800899.2740
MAE: 26823.8228
SMAPE: 60.7223%
mean SMAPE Value: 37.4423 | Horizon: 12
p:  3
d:  0
q:  1
P:  0
D:  0
Q:  0
S:  9
MSE: 56036512.8889
MAE: 4176.8906
SMAPE: 7.4284%
MSE: 191758497.7738
MAE: 7785.3913
SMAPE: 13.9925%
MSE: 354040728.7850
MAE: 10944.7486
SMAPE: 20.3617%
MSE: 520199520.0916
MAE: 13854.1758
SMAPE: 26.4861%
MSE: 698011717.5600
MAE: 16488.5411
SMAPE: 32.4889%
MSE: 866103515.7347
MAE: 18577.9366
SMAPE: 37.9482%
MSE: 1032627367.4989
MAE: 20462.3611
SMAPE: 42.8347%
MSE: 1189468032.0658
MAE: 22205.3435
SMAPE: 47.4800%
MSE: 1345763502.7355
MAE: 23717.2961
SMAPE: 51.6636%
MSE: 1487685213.8740
MAE: 25028.4719
SMAPE: 55.2076%
MSE: 1612438830.8300
MAE: 26252.3330
SMAPE: 58.6346%
MSE: 1720244807.8770
MAE: 27242.1959
SMAPE: 61.6621%
mean SMAPE Value: 38.0157 | Horizon: 12
p:  3
d:  0
q:  2
P:  0
D:  0
Q:  0
S:  9
MSE: 53080310.5690
MAE: 4227.5981
SMAPE: 7.6500%
MSE: 179197923.9679
MAE: 7939.2366
SMAPE: 14.3971%
MSE: 331710985.9945
MAE: 11330.9765
SMAPE: 21.2495%
MSE: 513056097.2668
MAE: 14506.8609
SMAPE: 27.6666%
MSE: 720241655.8601
MAE: 17228.9434
SMAPE: 33.8198%
MSE: 917586479.6198
MAE: 19451.9966
SMAPE: 39.2951%
MSE: 1104940289.1096
MAE: 21670.1668
SMAPE: 44.6629%
MSE: 1271710718.1544
MAE: 23718.0732
SMAPE: 49.7497%
MSE: 1426406260.7303
MAE: 25476.0584
SMAPE: 54.5327%
MSE: 1570263831.8713
MAE: 26699.9390
SMAPE: 57.8085%
MSE: 1700921085.4382
MAE: 27654.8903
SMAPE: 60.6584%
MSE: 1828565343.8921
MAE: 28629.2538
SMAPE: 63.3743%
mean SMAPE Value: 39.5720 | Horizon: 12
p:  3
d:  0
q:  3
P:  0
D:  0
Q:  0
S:  9
MSE: 55529362.7210
MAE: 4165.8419
SMAPE: 7.4121%
MSE: 187906560.2449
MAE: 7679.1126
SMAPE: 13.8015%
MSE: 346961495.9671
MAE: 10784.3828
SMAPE: 20.1228%
MSE: 507966803.1503
MAE: 13521.5753
SMAPE: 25.9970%
MSE: 681075258.7909
MAE: 16079.6632
SMAPE: 31.8333%
MSE: 852985714.8406
MAE: 18302.2183
SMAPE: 37.3368%
MSE: 1013857393.6315
MAE: 20207.2532
SMAPE: 42.1283%
MSE: 1165639104.2289
MAE: 21955.7503
SMAPE: 46.6733%
MSE: 1314081936.4662
MAE: 23549.4595
SMAPE: 50.9502%
MSE: 1451254181.6169
MAE: 24849.3873
SMAPE: 54.3666%
MSE: 1574049654.9461
MAE: 26000.7077
SMAPE: 57.5647%
MSE: 1680946799.2152
MAE: 26826.5422
SMAPE: 60.3367%
mean SMAPE Value: 37.3769 | Horizon: 12
p:  3
d:  0
q:  4
P:  0
D:  0
Q:  0
S:  9
MSE: 56386644.7958
MAE: 4169.6382
SMAPE: 7.3681%
MSE: 189561378.5799
MAE: 7651.0697
SMAPE: 13.7242%
MSE: 350130094.1965
MAE: 10759.0982
SMAPE: 19.9597%
MSE: 512336921.5592
MAE: 13438.6744
SMAPE: 25.7457%
MSE: 690735834.2106
MAE: 16108.3095
SMAPE: 31.5917%
MSE: 867084352.1689
MAE: 18224.9901
SMAPE: 36.7823%
MSE: 1029683718.1142
MAE: 20234.1717
SMAPE: 41.6358%
MSE: 1185592550.1959
MAE: 22044.3060
SMAPE: 46.1867%
MSE: 1335215376.9226
MAE: 23593.2723
SMAPE: 50.1414%
MSE: 1472779793.5285
MAE: 24965.3719
SMAPE: 53.7671%
MSE: 1594322507.1411
MAE: 26140.7924
SMAPE: 56.9882%
MSE: 1696173689.2425
MAE: 26934.8084
SMAPE: 59.4133%
mean SMAPE Value: 36.9420 | Horizon: 12
p:  4
d:  0
q:  1
P:  0
D:  0
Q:  0
S:  9
MSE: 57851067.3398
MAE: 4102.3792
SMAPE: 7.1403%
MSE: 188977266.1746
MAE: 7456.5102
SMAPE: 13.0452%
MSE: 345160490.3028
MAE: 10324.3209
SMAPE: 18.7968%
MSE: 502732289.0050
MAE: 13209.0302
SMAPE: 24.3933%
MSE: 673935700.1098
MAE: 15675.9635
SMAPE: 29.8481%
MSE: 837033986.1251
MAE: 17510.2398
SMAPE: 34.5614%
MSE: 985985077.4024
MAE: 19186.1995
SMAPE: 38.9918%
MSE: 1127907049.2217
MAE: 20732.3193
SMAPE: 42.9911%
MSE: 1261709847.6445
MAE: 22099.5354
SMAPE: 46.3826%
MSE: 1382588228.7648
MAE: 23252.4527
SMAPE: 49.2310%
MSE: 1486104297.1613
MAE: 24270.2623
SMAPE: 51.7856%
MSE: 1579442182.7792
MAE: 25039.2451
SMAPE: 53.8778%
mean SMAPE Value: 34.2537 | Horizon: 12
p:  4
d:  0
q:  2
P:  0
D:  0
Q:  0
S:  9
MSE: 52535918.3657
MAE: 3960.7724
SMAPE: 6.9682%
MSE: 183562026.4036
MAE: 7477.5166
SMAPE: 13.0672%
MSE: 349627477.6550
MAE: 10672.1549
SMAPE: 18.9852%
MSE: 510358415.9239
MAE: 13636.5362
SMAPE: 24.3772%
MSE: 678590991.9980
MAE: 15951.7687
SMAPE: 29.1507%
MSE: 868439127.6357
MAE: 18085.3913
SMAPE: 33.4716%
MSE: 1066453221.4533
MAE: 20348.7648
SMAPE: 37.6958%
MSE: 1250707429.1880
MAE: 22408.3043
SMAPE: 41.7206%
MSE: 1442587914.9089
MAE: 24481.0870
SMAPE: 45.6454%
MSE: 1613861191.3051
MAE: 26211.8690
SMAPE: 48.9430%
MSE: 1772080511.0311
MAE: 27604.8941
SMAPE: 51.3532%
MSE: 1907535915.1442
MAE: 28973.0009
SMAPE: 53.7466%
mean SMAPE Value: 33.7604 | Horizon: 12
p:  4
d:  0
q:  3
P:  0
D:  0
Q:  0
S:  9
MSE: 56592737.7143
MAE: 4203.1390
SMAPE: 7.5009%
MSE: 188557505.6149
MAE: 7727.7743
SMAPE: 13.9813%
MSE: 346977801.4104
MAE: 10809.0407
SMAPE: 20.3929%
MSE: 507036709.3723
MAE: 13756.7423
SMAPE: 26.5541%
MSE: 679790142.1359
MAE: 16296.8178
SMAPE: 32.5437%
MSE: 851680591.9492
MAE: 18370.0487
SMAPE: 38.0006%
MSE: 1017439322.3982
MAE: 20283.6294
SMAPE: 43.0406%
MSE: 1175322975.8844
MAE: 21909.3935
SMAPE: 47.5318%
MSE: 1332519277.3191
MAE: 23484.3743
SMAPE: 51.8433%
MSE: 1480245732.5762
MAE: 24818.7138
SMAPE: 55.4792%
MSE: 1616178545.1605
MAE: 26159.1113
SMAPE: 59.0149%
MSE: 1736944395.0005
MAE: 27276.9685
SMAPE: 62.4290%
mean SMAPE Value: 38.1927 | Horizon: 12
p:  4
d:  0
q:  4
P:  0
D:  0
Q:  0
S:  9
MSE: 55356248.9462
MAE: 4159.5364
SMAPE: 7.3986%
MSE: 183871092.0398
MAE: 7632.6971
SMAPE: 13.7692%
MSE: 340959268.3249
MAE: 10588.1719
SMAPE: 19.8948%
MSE: 500861827.7109
MAE: 13460.6059
SMAPE: 25.9032%
MSE: 670993369.6169
MAE: 16004.8860
SMAPE: 31.8018%
MSE: 838086006.8653
MAE: 18132.7677
SMAPE: 37.2032%
MSE: 995826161.1148
MAE: 19961.5092
SMAPE: 41.9531%
MSE: 1151937252.1946
MAE: 21633.7450
SMAPE: 46.3807%
MSE: 1303667182.8292
MAE: 23121.7583
SMAPE: 50.3879%
MSE: 1444754934.4612
MAE: 24470.8114
SMAPE: 53.9258%
MSE: 1572519255.1418
MAE: 25681.0026
SMAPE: 57.1664%
MSE: 1687264223.8295
MAE: 26605.3920
SMAPE: 60.0672%
mean SMAPE Value: 37.1543 | Horizon: 12
